<?xml version="1.0" encoding="UTF-8"?>
<testsuite xmlns:xsi="http://www.w3.org/2001/XMLSchema-instance" xsi:noNamespaceSchemaLocation="https://maven.apache.org/surefire/maven-surefire-plugin/xsd/surefire-test-report-3.0.xsd" version="3.0" name="in.spring.SpringReactIntegrationProject1ApplicationTests" time="6.13" tests="1" errors="0" skipped="0" failures="0">
  <properties>
[...]
</properties>
  <testcase name="contextLoads" classname="in.spring.SpringReactIntegrationProject1ApplicationTests" time="1.416">
    <system-out><![CDATA[23:04:04.482 [main] INFO org.springframework.test.context.support.AnnotationConfigContextLoaderUtils -- Could not detect default configuration classes for test class [in.spring.SpringReactIntegrationProject1ApplicationTests]: SpringReactIntegrationProject1ApplicationTests does not declare any static, non-private, non-final, nested classes annotated with @Configuration.
23:04:04.641 [main] INFO org.springframework.boot.test.context.SpringBootTestContextBootstrapper -- Found @SpringBootConfiguration in.spring.SpringReactIntegrationProject1Application for test class in.spring.SpringReactIntegrationProject1ApplicationTests
23:04:04.942 [main] INFO org.springframework.boot.devtools.restart.RestartApplicationListener -- Restart disabled due to context in which it is running

  .   ____          _            __ _ _
 /\\ / ___'_ __ _ _(_)_ __  __ _ \ \ \ \
( ( )\___ | '_ | '_| | '_ \/ _` | \ \ \ \
 \\/  ___)| |_)| | | | | || (_| |  ) ) ) )
  '  |____| .__|_| |_|_| |_\__, | / / / /
 =========|_|==============|___/=/_/_/_/
 :: Spring Boot ::                (v3.2.5)

2024-05-04T23:04:05.339+05:30  INFO 23880 --- [Spring_React_Integration_Project1] [           main] ReactIntegrationProject1ApplicationTests : Starting SpringReactIntegrationProject1ApplicationTests using Java 17.0.10 with PID 23880 (started by ASUS in D:\STS_Workspace01\Spring_React_Integration_Project1)
2024-05-04T23:04:05.341+05:30  INFO 23880 --- [Spring_React_Integration_Project1] [           main] ReactIntegrationProject1ApplicationTests : No active profile set, falling back to 1 default profile: "default"
2024-05-04T23:04:06.349+05:30  INFO 23880 --- [Spring_React_Integration_Project1] [           main] .s.d.r.c.RepositoryConfigurationDelegate : Bootstrapping Spring Data MongoDB repositories in DEFAULT mode.
2024-05-04T23:04:06.440+05:30  INFO 23880 --- [Spring_React_Integration_Project1] [           main] .s.d.r.c.RepositoryConfigurationDelegate : Finished Spring Data repository scanning in 85 ms. Found 2 MongoDB repository interfaces.
2024-05-04T23:04:07.274+05:30  INFO 23880 --- [Spring_React_Integration_Project1] [y2j.mongodb.net] org.mongodb.driver.cluster               : Adding discovered server ac-8nmjzvm-shard-00-00.vbqay2j.mongodb.net:27017 to client view of cluster
2024-05-04T23:04:07.304+05:30  INFO 23880 --- [Spring_React_Integration_Project1] [           main] org.mongodb.driver.client                : MongoClient with metadata {"driver": {"name": "mongo-java-driver|sync|spring-boot", "version": "4.11.2"}, "os": {"type": "Windows", "name": "Windows 11", "architecture": "amd64", "version": "10.0"}, "platform": "Java/Eclipse Adoptium/17.0.10+7"} created with settings MongoClientSettings{readPreference=primary, writeConcern=WriteConcern{w=majority, wTimeout=null ms, journal=null}, retryWrites=true, retryReads=true, readConcern=ReadConcern{level=null}, credential=MongoCredential{mechanism=null, userName='system', source='admin', password=<hidden>, mechanismProperties=<hidden>}, transportSettings=null, streamFactoryFactory=null, commandListeners=[], codecRegistry=ProvidersCodecRegistry{codecProviders=[ValueCodecProvider{}, BsonValueCodecProvider{}, DBRefCodecProvider{}, DBObjectCodecProvider{}, DocumentCodecProvider{}, CollectionCodecProvider{}, IterableCodecProvider{}, MapCodecProvider{}, GeoJsonCodecProvider{}, GridFSFileCodecProvider{}, Jsr310CodecProvider{}, JsonObjectCodecProvider{}, BsonCodecProvider{}, EnumCodecProvider{}, com.mongodb.client.model.mql.ExpressionCodecProvider@67fb5025, com.mongodb.Jep395RecordCodecProvider@787e4357, com.mongodb.KotlinCodecProvider@392781e]}, loggerSettings=LoggerSettings{maxDocumentLength=1000}, clusterSettings={hosts=[127.0.0.1:27017], srvHost=mymongodb.vbqay2j.mongodb.net, srvServiceName=mongodb, mode=MULTIPLE, requiredClusterType=REPLICA_SET, requiredReplicaSetName='atlas-13rqoy-shard-0', serverSelector='null', clusterListeners='[]', serverSelectionTimeout='30000 ms', localThreshold='15 ms'}, socketSettings=SocketSettings{connectTimeoutMS=10000, readTimeoutMS=0, receiveBufferSize=0, proxySettings=ProxySettings{host=null, port=null, username=null, password=null}}, heartbeatSocketSettings=SocketSettings{connectTimeoutMS=10000, readTimeoutMS=10000, receiveBufferSize=0, proxySettings=ProxySettings{host=null, port=null, username=null, password=null}}, connectionPoolSettings=ConnectionPoolSettings{maxSize=100, minSize=0, maxWaitTimeMS=120000, maxConnectionLifeTimeMS=0, maxConnectionIdleTimeMS=0, maintenanceInitialDelayMS=0, maintenanceFrequencyMS=60000, connectionPoolListeners=[], maxConnecting=2}, serverSettings=ServerSettings{heartbeatFrequencyMS=10000, minHeartbeatFrequencyMS=500, serverListeners='[]', serverMonitorListeners='[]'}, sslSettings=SslSettings{enabled=true, invalidHostNameAllowed=false, context=null}, applicationName='null', compressorList=[], uuidRepresentation=JAVA_LEGACY, serverApi=null, autoEncryptionSettings=null, dnsClient=null, inetAddressResolver=null, contextProvider=null}
2024-05-04T23:04:07.314+05:30  INFO 23880 --- [Spring_React_Integration_Project1] [y2j.mongodb.net] org.mongodb.driver.cluster               : Adding discovered server ac-8nmjzvm-shard-00-01.vbqay2j.mongodb.net:27017 to client view of cluster
2024-05-04T23:04:07.318+05:30  INFO 23880 --- [Spring_React_Integration_Project1] [y2j.mongodb.net] org.mongodb.driver.cluster               : Adding discovered server ac-8nmjzvm-shard-00-02.vbqay2j.mongodb.net:27017 to client view of cluster
2024-05-04T23:04:08.059+05:30  INFO 23880 --- [Spring_React_Integration_Project1] [ngodb.net:27017] org.mongodb.driver.cluster               : Monitor thread successfully connected to server with description ServerDescription{address=ac-8nmjzvm-shard-00-00.vbqay2j.mongodb.net:27017, type=REPLICA_SET_SECONDARY, state=CONNECTED, ok=true, minWireVersion=0, maxWireVersion=21, maxDocumentSize=16777216, logicalSessionTimeoutMinutes=30, roundTripTimeNanos=372603300, setName='atlas-13rqoy-shard-0', canonicalAddress=ac-8nmjzvm-shard-00-00.vbqay2j.mongodb.net:27017, hosts=[ac-8nmjzvm-shard-00-02.vbqay2j.mongodb.net:27017, ac-8nmjzvm-shard-00-01.vbqay2j.mongodb.net:27017, ac-8nmjzvm-shard-00-00.vbqay2j.mongodb.net:27017], passives=[], arbiters=[], primary='ac-8nmjzvm-shard-00-01.vbqay2j.mongodb.net:27017', tagSet=TagSet{[Tag{name='availabilityZone', value='aps1-az1'}, Tag{name='diskState', value='READY'}, Tag{name='nodeType', value='ELECTABLE'}, Tag{name='provider', value='AWS'}, Tag{name='region', value='AP_SOUTH_1'}, Tag{name='workloadType', value='OPERATIONAL'}]}, electionId=null, setVersion=48, topologyVersion=TopologyVersion{processId=66348eebaa3521cd4d6ffc1a, counter=5}, lastWriteDate=Sat May 04 23:05:18 IST 2024, lastUpdateTimeNanos=36944079317400}
2024-05-04T23:04:08.059+05:30  INFO 23880 --- [Spring_React_Integration_Project1] [ngodb.net:27017] org.mongodb.driver.cluster               : Monitor thread successfully connected to server with description ServerDescription{address=ac-8nmjzvm-shard-00-01.vbqay2j.mongodb.net:27017, type=REPLICA_SET_PRIMARY, state=CONNECTED, ok=true, minWireVersion=0, maxWireVersion=21, maxDocumentSize=16777216, logicalSessionTimeoutMinutes=30, roundTripTimeNanos=374905200, setName='atlas-13rqoy-shard-0', canonicalAddress=ac-8nmjzvm-shard-00-01.vbqay2j.mongodb.net:27017, hosts=[ac-8nmjzvm-shard-00-02.vbqay2j.mongodb.net:27017, ac-8nmjzvm-shard-00-01.vbqay2j.mongodb.net:27017, ac-8nmjzvm-shard-00-00.vbqay2j.mongodb.net:27017], passives=[], arbiters=[], primary='ac-8nmjzvm-shard-00-01.vbqay2j.mongodb.net:27017', tagSet=TagSet{[Tag{name='availabilityZone', value='aps1-az3'}, Tag{name='diskState', value='READY'}, Tag{name='nodeType', value='ELECTABLE'}, Tag{name='provider', value='AWS'}, Tag{name='region', value='AP_SOUTH_1'}, Tag{name='workloadType', value='OPERATIONAL'}]}, electionId=7fffffff00000000000002f7, setVersion=48, topologyVersion=TopologyVersion{processId=66348de60f6edafcc407270f, counter=9}, lastWriteDate=Sat May 04 23:05:18 IST 2024, lastUpdateTimeNanos=36944079291500}
2024-05-04T23:04:08.059+05:30  INFO 23880 --- [Spring_React_Integration_Project1] [ngodb.net:27017] org.mongodb.driver.cluster               : Monitor thread successfully connected to server with description ServerDescription{address=ac-8nmjzvm-shard-00-02.vbqay2j.mongodb.net:27017, type=REPLICA_SET_SECONDARY, state=CONNECTED, ok=true, minWireVersion=0, maxWireVersion=21, maxDocumentSize=16777216, logicalSessionTimeoutMinutes=30, roundTripTimeNanos=374628900, setName='atlas-13rqoy-shard-0', canonicalAddress=ac-8nmjzvm-shard-00-02.vbqay2j.mongodb.net:27017, hosts=[ac-8nmjzvm-shard-00-02.vbqay2j.mongodb.net:27017, ac-8nmjzvm-shard-00-01.vbqay2j.mongodb.net:27017, ac-8nmjzvm-shard-00-00.vbqay2j.mongodb.net:27017], passives=[], arbiters=[], primary='ac-8nmjzvm-shard-00-01.vbqay2j.mongodb.net:27017', tagSet=TagSet{[Tag{name='availabilityZone', value='aps1-az2'}, Tag{name='diskState', value='READY'}, Tag{name='nodeType', value='ELECTABLE'}, Tag{name='provider', value='AWS'}, Tag{name='region', value='AP_SOUTH_1'}, Tag{name='workloadType', value='OPERATIONAL'}]}, electionId=null, setVersion=48, topologyVersion=TopologyVersion{processId=6634906a0acedb7a1fb70d3f, counter=5}, lastWriteDate=Sat May 04 23:05:18 IST 2024, lastUpdateTimeNanos=36944079291500}
2024-05-04T23:04:08.066+05:30  INFO 23880 --- [Spring_React_Integration_Project1] [ngodb.net:27017] org.mongodb.driver.cluster               : Discovered replica set primary ac-8nmjzvm-shard-00-01.vbqay2j.mongodb.net:27017 with max election id 7fffffff00000000000002f7 and max set version 48
2024-05-04T23:04:08.922+05:30  INFO 23880 --- [Spring_React_Integration_Project1] [           main] ReactIntegrationProject1ApplicationTests : Started SpringReactIntegrationProject1ApplicationTests in 3.999 seconds (process running for 5.662)
]]></system-out>
  </testcase>
</testsuite>